build/app/intermediates/manifest_merge_blame_file/debug/manifest-merger-blame-debug-report.txt
1<?xml version="1.0" encoding="utf-8"?>
2<manifest xmlns:android="http://schemas.android.com/apk/res/android"
3    package="com.example.project_iris"
4    android:versionCode="1"
5    android:versionName="1.0.0" >
6
7    <uses-sdk
8        android:minSdkVersion="21"
9        android:targetSdkVersion="28" />
10    <!--
11         Flutter needs it to communicate with the running application
12         to allow setting breakpoints, to provide hot reload, etc.
13    -->
14    <uses-permission android:name="android.permission.INTERNET" />
14-->src\debug\AndroidManifest.xml:6:5-66
14-->src\debug\AndroidManifest.xml:6:22-64
15    <uses-permission android:name="android.permission.READ_EXTERNAL_STORAGE" />
15-->[:image_picker] AndroidManifest.xml:7:5-80
15-->[:image_picker] AndroidManifest.xml:7:22-77
16    <uses-permission android:name="android.permission.WRITE_EXTERNAL_STORAGE" />
16-->[:image_picker] AndroidManifest.xml:8:5-81
16-->[:image_picker] AndroidManifest.xml:8:22-78
17    <uses-permission android:name="android.permission.ACCESS_NETWORK_STATE" />
17-->[com.google.android.gms:play-services-measurement:17.2.2] AndroidManifest.xml:24:5-79
17-->[com.google.android.gms:play-services-measurement:17.2.2] AndroidManifest.xml:24:22-76
18    <uses-permission android:name="android.permission.WAKE_LOCK" />
18-->[com.google.android.gms:play-services-measurement:17.2.2] AndroidManifest.xml:25:5-68
18-->[com.google.android.gms:play-services-measurement:17.2.2] AndroidManifest.xml:25:22-65
19    <uses-permission android:name="com.google.android.finsky.permission.BIND_GET_INSTALL_REFERRER_SERVICE" /> <!-- Required by older versions of Google Play services to create IID tokens -->
19-->[com.google.android.gms:play-services-measurement:17.2.2] AndroidManifest.xml:26:5-110
19-->[com.google.android.gms:play-services-measurement:17.2.2] AndroidManifest.xml:26:22-107
20    <uses-permission android:name="com.google.android.c2dm.permission.RECEIVE" />
20-->[com.google.firebase:firebase-iid:20.0.2] AndroidManifest.xml:26:5-82
20-->[com.google.firebase:firebase-iid:20.0.2] AndroidManifest.xml:26:22-79
21    <!--
22 io.flutter.app.FlutterApplication is an android.app.Application that
23         calls FlutterMain.startInitialization(this); in its onCreate method.
24         In most cases you can leave this as-is, but you if you want to provide
25         additional functionality it is fine to subclass or reimplement
26         FlutterApplication and put your custom class here.
27    -->
28    <application
28-->src\main\AndroidManifest.xml:8:5-29:19
29        android:name="io.flutter.app.FlutterApplication"
29-->src\main\AndroidManifest.xml:9:9-57
30        android:appComponentFactory="androidx.core.app.CoreComponentFactory"
30-->[androidx.core:core:1.1.0] AndroidManifest.xml:24:18-86
31        android:debuggable="true"
32        android:icon="@mipmap/ic_launcher"
32-->src\main\AndroidManifest.xml:11:9-43
33        android:label="project_iris" >
33-->src\main\AndroidManifest.xml:10:9-37
34        <activity
34-->src\main\AndroidManifest.xml:12:9-23:20
35            android:name="com.example.project_iris.MainActivity"
35-->src\main\AndroidManifest.xml:13:13-41
36            android:configChanges="orientation|keyboardHidden|keyboard|screenSize|smallestScreenSize|locale|layoutDirection|fontScale|screenLayout|density|uiMode"
36-->src\main\AndroidManifest.xml:16:13-163
37            android:hardwareAccelerated="true"
37-->src\main\AndroidManifest.xml:17:13-47
38            android:launchMode="singleTop"
38-->src\main\AndroidManifest.xml:14:13-43
39            android:theme="@style/LaunchTheme"
39-->src\main\AndroidManifest.xml:15:13-47
40            android:windowSoftInputMode="adjustResize" >
40-->src\main\AndroidManifest.xml:18:13-55
41            <intent-filter>
41-->src\main\AndroidManifest.xml:19:13-22:29
42                <action android:name="android.intent.action.MAIN" />
42-->src\main\AndroidManifest.xml:20:17-68
42-->src\main\AndroidManifest.xml:20:25-66
43
44                <category android:name="android.intent.category.LAUNCHER" />
44-->src\main\AndroidManifest.xml:21:17-76
44-->src\main\AndroidManifest.xml:21:27-74
45            </intent-filter>
46        </activity>
47        <!--
48             Don't delete the meta-data below.
49             This is used by the Flutter tool to generate GeneratedPluginRegistrant.java
50        -->
51        <meta-data
51-->src\main\AndroidManifest.xml:26:9-28:33
52            android:name="flutterEmbedding"
52-->src\main\AndroidManifest.xml:27:13-44
53            android:value="2" />
53-->src\main\AndroidManifest.xml:28:13-30
54
55        <service
55-->[:firebase_auth] AndroidManifest.xml:8:9-12:19
56            android:name="com.google.firebase.components.ComponentDiscoveryService"
56-->[:firebase_auth] AndroidManifest.xml:8:18-89
57            android:directBootAware="true"
57-->[com.google.firebase:firebase-common:19.3.0] AndroidManifest.xml:34:13-43
58            android:exported="false" >
58-->[com.google.firebase:firebase-auth:19.2.0] AndroidManifest.xml:35:13-37
59            <meta-data
59-->[:firebase_auth] AndroidManifest.xml:9:13-11:85
60                android:name="com.google.firebase.components:io.flutter.plugins.firebaseauth.FlutterFirebaseAppRegistrar"
60-->[:firebase_auth] AndroidManifest.xml:10:17-122
61                android:value="com.google.firebase.components.ComponentRegistrar" />
61-->[:firebase_auth] AndroidManifest.xml:11:17-82
62            <meta-data
62-->[:firebase_storage] AndroidManifest.xml:9:13-11:85
63                android:name="com.google.firebase.components:io.flutter.plugins.firebase.storage.FlutterFirebaseAppRegistrar"
63-->[:firebase_storage] AndroidManifest.xml:10:17-126
64                android:value="com.google.firebase.components.ComponentRegistrar" />
64-->[:firebase_storage] AndroidManifest.xml:11:17-82
65            <meta-data
65-->[:cloud_firestore] AndroidManifest.xml:9:13-11:85
66                android:name="com.google.firebase.components:io.flutter.plugins.firebase.cloudfirestore.FlutterFirebaseAppRegistrar"
66-->[:cloud_firestore] AndroidManifest.xml:10:17-133
67                android:value="com.google.firebase.components.ComponentRegistrar" />
67-->[:cloud_firestore] AndroidManifest.xml:11:17-82
68            <meta-data
68-->[:firebase_core] AndroidManifest.xml:9:13-11:85
69                android:name="com.google.firebase.components:io.flutter.plugins.firebase.core.FlutterFirebaseAppRegistrar"
69-->[:firebase_core] AndroidManifest.xml:10:17-123
70                android:value="com.google.firebase.components.ComponentRegistrar" />
70-->[:firebase_core] AndroidManifest.xml:11:17-82
71            <meta-data
71-->[:firebase_messaging] AndroidManifest.xml:14:13-16:85
72                android:name="com.google.firebase.components:io.flutter.plugins.firebasemessaging.FlutterFirebaseAppRegistrar"
72-->[:firebase_messaging] AndroidManifest.xml:15:17-127
73                android:value="com.google.firebase.components.ComponentRegistrar" />
73-->[:firebase_messaging] AndroidManifest.xml:16:17-82
74            <meta-data
74-->[com.google.firebase:firebase-auth:19.2.0] AndroidManifest.xml:36:13-38:85
75                android:name="com.google.firebase.components:com.google.firebase.auth.FirebaseAuthRegistrar"
75-->[com.google.firebase:firebase-auth:19.2.0] AndroidManifest.xml:37:17-109
76                android:value="com.google.firebase.components.ComponentRegistrar" />
76-->[com.google.firebase:firebase-auth:19.2.0] AndroidManifest.xml:38:17-82
77            <meta-data
77-->[com.google.android.gms:play-services-measurement-api:17.2.2] AndroidManifest.xml:30:13-32:85
78                android:name="com.google.firebase.components:com.google.firebase.analytics.connector.internal.AnalyticsConnectorRegistrar"
78-->[com.google.android.gms:play-services-measurement-api:17.2.2] AndroidManifest.xml:31:17-139
79                android:value="com.google.firebase.components.ComponentRegistrar" />
79-->[com.google.android.gms:play-services-measurement-api:17.2.2] AndroidManifest.xml:32:17-82
80            <meta-data
80-->[com.google.firebase:firebase-storage:17.0.0] AndroidManifest.xml:31:13-33:85
81                android:name="com.google.firebase.components:com.google.firebase.storage.StorageRegistrar"
81-->[com.google.firebase:firebase-storage:17.0.0] AndroidManifest.xml:32:17-107
82                android:value="com.google.firebase.components.ComponentRegistrar" />
82-->[com.google.firebase:firebase-storage:17.0.0] AndroidManifest.xml:33:17-82
83            <meta-data
83-->[com.google.firebase:firebase-firestore:21.3.0] AndroidManifest.xml:20:13-22:85
84                android:name="com.google.firebase.components:com.google.firebase.firestore.FirestoreRegistrar"
84-->[com.google.firebase:firebase-firestore:21.3.0] AndroidManifest.xml:21:17-111
85                android:value="com.google.firebase.components.ComponentRegistrar" />
85-->[com.google.firebase:firebase-firestore:21.3.0] AndroidManifest.xml:22:17-82
86            <meta-data
86-->[com.google.firebase:firebase-iid:20.0.2] AndroidManifest.xml:32:13-34:85
87                android:name="com.google.firebase.components:com.google.firebase.iid.Registrar"
87-->[com.google.firebase:firebase-iid:20.0.2] AndroidManifest.xml:33:17-96
88                android:value="com.google.firebase.components.ComponentRegistrar" />
88-->[com.google.firebase:firebase-iid:20.0.2] AndroidManifest.xml:34:17-82
89        </service>
90
91        <provider
91-->[:image_picker] AndroidManifest.xml:11:9-19:20
92            android:name="io.flutter.plugins.imagepicker.ImagePickerFileProvider"
92-->[:image_picker] AndroidManifest.xml:12:13-82
93            android:authorities="com.example.project_iris.flutter.image_provider"
93-->[:image_picker] AndroidManifest.xml:13:13-74
94            android:exported="false"
94-->[:image_picker] AndroidManifest.xml:14:13-37
95            android:grantUriPermissions="true" >
95-->[:image_picker] AndroidManifest.xml:15:13-47
96            <meta-data
96-->[:image_picker] AndroidManifest.xml:16:13-18:75
97                android:name="android.support.FILE_PROVIDER_PATHS"
97-->[:image_picker] AndroidManifest.xml:17:17-67
98                android:resource="@xml/flutter_image_picker_file_paths" />
98-->[:image_picker] AndroidManifest.xml:18:17-72
99        </provider>
100        <provider
100-->[:flutter_webview_plugin] AndroidManifest.xml:9:9-18:20
101            android:name="androidx.core.content.FileProvider"
101-->[:flutter_webview_plugin] AndroidManifest.xml:10:13-62
102            android:authorities="com.example.project_iris.fileprovider"
102-->[:flutter_webview_plugin] AndroidManifest.xml:11:13-64
103            android:exported="false"
103-->[:flutter_webview_plugin] AndroidManifest.xml:12:13-37
104            android:grantUriPermissions="true" >
104-->[:flutter_webview_plugin] AndroidManifest.xml:13:13-47
105            <meta-data
105-->[:image_picker] AndroidManifest.xml:16:13-18:75
106                android:name="android.support.FILE_PROVIDER_PATHS"
106-->[:image_picker] AndroidManifest.xml:17:17-67
107                android:resource="@xml/filepaths" />
107-->[:image_picker] AndroidManifest.xml:18:17-72
108        </provider>
109
110        <service android:name="io.flutter.plugins.firebasemessaging.FlutterFirebaseMessagingService" >
110-->[:firebase_messaging] AndroidManifest.xml:8:9-12:19
110-->[:firebase_messaging] AndroidManifest.xml:8:18-101
111            <intent-filter>
111-->[:firebase_messaging] AndroidManifest.xml:9:13-11:29
112                <action android:name="com.google.firebase.MESSAGING_EVENT" />
112-->[:firebase_messaging] AndroidManifest.xml:10:17-78
112-->[:firebase_messaging] AndroidManifest.xml:10:25-75
113            </intent-filter>
114        </service>
115
116        <activity
116-->[:url_launcher] AndroidManifest.xml:8:9-11:74
117            android:name="io.flutter.plugins.urllauncher.WebViewActivity"
117-->[:url_launcher] AndroidManifest.xml:9:13-74
118            android:exported="false"
118-->[:url_launcher] AndroidManifest.xml:10:13-37
119            android:theme="@android:style/Theme.NoTitleBar.Fullscreen" />
119-->[:url_launcher] AndroidManifest.xml:11:13-71
120        <activity
120-->[com.google.firebase:firebase-auth:19.2.0] AndroidManifest.xml:24:9-31:50
121            android:name="com.google.firebase.auth.internal.FederatedSignInActivity"
121-->[com.google.firebase:firebase-auth:19.2.0] AndroidManifest.xml:25:13-85
122            android:excludeFromRecents="true"
122-->[com.google.firebase:firebase-auth:19.2.0] AndroidManifest.xml:26:13-46
123            android:exported="true"
123-->[com.google.firebase:firebase-auth:19.2.0] AndroidManifest.xml:27:13-36
124            android:launchMode="singleTask"
124-->[com.google.firebase:firebase-auth:19.2.0] AndroidManifest.xml:28:13-44
125            android:permission="com.google.firebase.auth.api.gms.permission.LAUNCH_FEDERATED_SIGN_IN"
125-->[com.google.firebase:firebase-auth:19.2.0] AndroidManifest.xml:29:13-102
126            android:theme="@android:style/Theme.Translucent.NoTitleBar" />
126-->[com.google.firebase:firebase-auth:19.2.0] AndroidManifest.xml:30:13-72
127
128        <receiver
128-->[com.google.android.gms:play-services-measurement:17.2.2] AndroidManifest.xml:29:9-33:20
129            android:name="com.google.android.gms.measurement.AppMeasurementReceiver"
129-->[com.google.android.gms:play-services-measurement:17.2.2] AndroidManifest.xml:30:13-85
130            android:enabled="true"
130-->[com.google.android.gms:play-services-measurement:17.2.2] AndroidManifest.xml:31:13-35
131            android:exported="false" >
131-->[com.google.android.gms:play-services-measurement:17.2.2] AndroidManifest.xml:32:13-37
132        </receiver>
133        <receiver
133-->[com.google.android.gms:play-services-measurement:17.2.2] AndroidManifest.xml:34:9-42:20
134            android:name="com.google.android.gms.measurement.AppMeasurementInstallReferrerReceiver"
134-->[com.google.android.gms:play-services-measurement:17.2.2] AndroidManifest.xml:35:13-100
135            android:enabled="true"
135-->[com.google.android.gms:play-services-measurement:17.2.2] AndroidManifest.xml:36:13-35
136            android:exported="true"
136-->[com.google.android.gms:play-services-measurement:17.2.2] AndroidManifest.xml:37:13-36
137            android:permission="android.permission.INSTALL_PACKAGES" >
137-->[com.google.android.gms:play-services-measurement:17.2.2] AndroidManifest.xml:38:13-69
138            <intent-filter>
138-->[com.google.android.gms:play-services-measurement:17.2.2] AndroidManifest.xml:39:13-41:29
139                <action android:name="com.android.vending.INSTALL_REFERRER" />
139-->[com.google.android.gms:play-services-measurement:17.2.2] AndroidManifest.xml:40:17-79
139-->[com.google.android.gms:play-services-measurement:17.2.2] AndroidManifest.xml:40:25-76
140            </intent-filter>
141        </receiver>
142
143        <service
143-->[com.google.android.gms:play-services-measurement:17.2.2] AndroidManifest.xml:44:9-47:40
144            android:name="com.google.android.gms.measurement.AppMeasurementService"
144-->[com.google.android.gms:play-services-measurement:17.2.2] AndroidManifest.xml:45:13-84
145            android:enabled="true"
145-->[com.google.android.gms:play-services-measurement:17.2.2] AndroidManifest.xml:46:13-35
146            android:exported="false" />
146-->[com.google.android.gms:play-services-measurement:17.2.2] AndroidManifest.xml:47:13-37
147        <service
147-->[com.google.android.gms:play-services-measurement:17.2.2] AndroidManifest.xml:48:9-52:72
148            android:name="com.google.android.gms.measurement.AppMeasurementJobService"
148-->[com.google.android.gms:play-services-measurement:17.2.2] AndroidManifest.xml:49:13-87
149            android:enabled="true"
149-->[com.google.android.gms:play-services-measurement:17.2.2] AndroidManifest.xml:50:13-35
150            android:exported="false"
150-->[com.google.android.gms:play-services-measurement:17.2.2] AndroidManifest.xml:51:13-37
151            android:permission="android.permission.BIND_JOB_SERVICE" />
151-->[com.google.android.gms:play-services-measurement:17.2.2] AndroidManifest.xml:52:13-69
152
153        <activity
153-->[com.google.android.gms:play-services-auth:16.0.1] AndroidManifest.xml:23:9-27:75
154            android:name="com.google.android.gms.auth.api.signin.internal.SignInHubActivity"
154-->[com.google.android.gms:play-services-auth:16.0.1] AndroidManifest.xml:24:13-93
155            android:excludeFromRecents="true"
155-->[com.google.android.gms:play-services-auth:16.0.1] AndroidManifest.xml:25:13-46
156            android:exported="false"
156-->[com.google.android.gms:play-services-auth:16.0.1] AndroidManifest.xml:26:13-37
157            android:theme="@android:style/Theme.Translucent.NoTitleBar" />
157-->[com.google.android.gms:play-services-auth:16.0.1] AndroidManifest.xml:27:13-72
158        <!--
159            Service handling Google Sign-In user revocation. For apps that do not integrate with
160            Google Sign-In, this service will never be started.
161        -->
162        <service
162-->[com.google.android.gms:play-services-auth:16.0.1] AndroidManifest.xml:33:9-36:110
163            android:name="com.google.android.gms.auth.api.signin.RevocationBoundService"
163-->[com.google.android.gms:play-services-auth:16.0.1] AndroidManifest.xml:34:13-89
164            android:exported="true"
164-->[com.google.android.gms:play-services-auth:16.0.1] AndroidManifest.xml:35:13-36
165            android:permission="com.google.android.gms.auth.api.signin.permission.REVOCATION_NOTIFICATION" />
165-->[com.google.android.gms:play-services-auth:16.0.1] AndroidManifest.xml:36:13-107
166        <!--
167             FirebaseMessagingService performs security checks at runtime,
168             but set to not exported to explicitly avoid allowing another app to call it.
169        -->
170        <service
170-->[com.google.firebase:firebase-messaging:20.0.1] AndroidManifest.xml:28:9-34:19
171            android:name="com.google.firebase.messaging.FirebaseMessagingService"
171-->[com.google.firebase:firebase-messaging:20.0.1] AndroidManifest.xml:29:13-82
172            android:exported="false" >
172-->[com.google.firebase:firebase-messaging:20.0.1] AndroidManifest.xml:30:13-37
173            <intent-filter android:priority="-500" >
173-->[:firebase_messaging] AndroidManifest.xml:9:13-11:29
174                <action android:name="com.google.firebase.MESSAGING_EVENT" />
174-->[:firebase_messaging] AndroidManifest.xml:10:17-78
174-->[:firebase_messaging] AndroidManifest.xml:10:25-75
175            </intent-filter>
176        </service>
177
178        <receiver
178-->[com.google.firebase:firebase-iid:20.0.2] AndroidManifest.xml:37:9-44:20
179            android:name="com.google.firebase.iid.FirebaseInstanceIdReceiver"
179-->[com.google.firebase:firebase-iid:20.0.2] AndroidManifest.xml:38:13-78
180            android:exported="true"
180-->[com.google.firebase:firebase-iid:20.0.2] AndroidManifest.xml:39:13-36
181            android:permission="com.google.android.c2dm.permission.SEND" >
181-->[com.google.firebase:firebase-iid:20.0.2] AndroidManifest.xml:40:13-73
182            <intent-filter>
182-->[com.google.firebase:firebase-iid:20.0.2] AndroidManifest.xml:41:13-43:29
183                <action android:name="com.google.android.c2dm.intent.RECEIVE" />
183-->[com.google.firebase:firebase-iid:20.0.2] AndroidManifest.xml:42:17-81
183-->[com.google.firebase:firebase-iid:20.0.2] AndroidManifest.xml:42:25-78
184            </intent-filter>
185        </receiver>
186
187        <provider
187-->[com.google.firebase:firebase-common:19.3.0] AndroidManifest.xml:26:9-30:39
188            android:name="com.google.firebase.provider.FirebaseInitProvider"
188-->[com.google.firebase:firebase-common:19.3.0] AndroidManifest.xml:27:13-77
189            android:authorities="com.example.project_iris.firebaseinitprovider"
189-->[com.google.firebase:firebase-common:19.3.0] AndroidManifest.xml:28:13-72
190            android:exported="false"
190-->[com.google.firebase:firebase-common:19.3.0] AndroidManifest.xml:29:13-37
191            android:initOrder="100" />
191-->[com.google.firebase:firebase-common:19.3.0] AndroidManifest.xml:30:13-36
192
193        <activity
193-->[com.google.android.gms:play-services-base:17.1.0] AndroidManifest.xml:23:9-26:75
194            android:name="com.google.android.gms.common.api.GoogleApiActivity"
194-->[com.google.android.gms:play-services-base:17.1.0] AndroidManifest.xml:24:13-79
195            android:exported="false"
195-->[com.google.android.gms:play-services-base:17.1.0] AndroidManifest.xml:25:13-37
196            android:theme="@android:style/Theme.Translucent.NoTitleBar" />
196-->[com.google.android.gms:play-services-base:17.1.0] AndroidManifest.xml:26:13-72
197
198        <meta-data
198-->[com.google.android.gms:play-services-basement:17.0.0] AndroidManifest.xml:23:9-25:69
199            android:name="com.google.android.gms.version"
199-->[com.google.android.gms:play-services-basement:17.0.0] AndroidManifest.xml:24:13-58
200            android:value="@integer/google_play_services_version" />
200-->[com.google.android.gms:play-services-basement:17.0.0] AndroidManifest.xml:25:13-66
201    </application>
202
203</manifest>